<?xml version="1.0" encoding="UTF-8"?>
<testng-results ignored="0" total="4" passed="4" failed="0" skipped="0">
  <reporter-output>
  </reporter-output>
  <suite started-at="2023-08-13T05:13:21 IST" name="Suite" finished-at="2023-08-13T05:13:21 IST" duration-ms="63">
    <groups>
    </groups>
    <test started-at="2023-08-13T05:13:21 IST" name="PackageTest" finished-at="2023-08-13T05:13:21 IST" duration-ms="63">
      <class name="Kaplan.Demo">
        <test-method is-config="true" signature="beforeSuite()[pri:0, instance:Kaplan.Demo@f09733f]" started-at="2023-08-13T05:13:20 IST" name="beforeSuite" finished-at="2023-08-13T05:13:20 IST" duration-ms="25" status="PASS">
          <reporter-output>
          </reporter-output>
        </test-method> <!-- beforeSuite -->
        <test-method is-config="true" signature="beforeClass()[pri:0, instance:Kaplan.Demo@f09733f]" started-at="2023-08-13T05:13:21 IST" name="beforeClass" finished-at="2023-08-13T05:13:21 IST" duration-ms="1" status="PASS">
          <reporter-output>
          </reporter-output>
        </test-method> <!-- beforeClass -->
        <test-method is-config="true" signature="beforemethod()[pri:0, instance:Kaplan.Demo@f09733f]" started-at="2023-08-13T05:13:21 IST" name="beforemethod" finished-at="2023-08-13T05:13:21 IST" duration-ms="1" status="PASS">
          <reporter-output>
          </reporter-output>
        </test-method> <!-- beforemethod -->
        <test-method signature="test1()[pri:0, instance:Kaplan.Demo@f09733f]" started-at="2023-08-13T05:13:21 IST" name="test1" finished-at="2023-08-13T05:13:21 IST" duration-ms="2" status="PASS">
          <reporter-output>
          </reporter-output>
        </test-method> <!-- test1 -->
        <test-method is-config="true" signature="aftermethod()[pri:0, instance:Kaplan.Demo@f09733f]" started-at="2023-08-13T05:13:21 IST" name="aftermethod" finished-at="2023-08-13T05:13:21 IST" duration-ms="1" status="PASS">
          <reporter-output>
          </reporter-output>
        </test-method> <!-- aftermethod -->
        <test-method is-config="true" signature="beforemethod()[pri:0, instance:Kaplan.Demo@f09733f]" started-at="2023-08-13T05:13:21 IST" name="beforemethod" finished-at="2023-08-13T05:13:21 IST" duration-ms="1" status="PASS">
          <reporter-output>
          </reporter-output>
        </test-method> <!-- beforemethod -->
        <test-method signature="test2()[pri:0, instance:Kaplan.Demo@f09733f]" started-at="2023-08-13T05:13:21 IST" name="test2" finished-at="2023-08-13T05:13:21 IST" duration-ms="0" status="PASS">
          <reporter-output>
          </reporter-output>
        </test-method> <!-- test2 -->
        <test-method is-config="true" signature="aftermethod()[pri:0, instance:Kaplan.Demo@f09733f]" started-at="2023-08-13T05:13:21 IST" name="aftermethod" finished-at="2023-08-13T05:13:21 IST" duration-ms="1" status="PASS">
          <reporter-output>
          </reporter-output>
        </test-method> <!-- aftermethod -->
        <test-method is-config="true" signature="beforemethod()[pri:0, instance:Kaplan.Demo@f09733f]" started-at="2023-08-13T05:13:21 IST" name="beforemethod" finished-at="2023-08-13T05:13:21 IST" duration-ms="0" status="PASS">
          <reporter-output>
          </reporter-output>
        </test-method> <!-- beforemethod -->
        <test-method signature="test3()[pri:0, instance:Kaplan.Demo@f09733f]" started-at="2023-08-13T05:13:21 IST" name="test3" finished-at="2023-08-13T05:13:21 IST" duration-ms="0" status="PASS">
          <reporter-output>
          </reporter-output>
        </test-method> <!-- test3 -->
        <test-method is-config="true" signature="aftermethod()[pri:0, instance:Kaplan.Demo@f09733f]" started-at="2023-08-13T05:13:21 IST" name="aftermethod" finished-at="2023-08-13T05:13:21 IST" duration-ms="0" status="PASS">
          <reporter-output>
          </reporter-output>
        </test-method> <!-- aftermethod -->
        <test-method is-config="true" signature="beforemethod()[pri:0, instance:Kaplan.Demo@f09733f]" started-at="2023-08-13T05:13:21 IST" name="beforemethod" finished-at="2023-08-13T05:13:21 IST" duration-ms="1" status="PASS">
          <reporter-output>
          </reporter-output>
        </test-method> <!-- beforemethod -->
        <test-method signature="test4()[pri:0, instance:Kaplan.Demo@f09733f]" started-at="2023-08-13T05:13:21 IST" name="test4" finished-at="2023-08-13T05:13:21 IST" duration-ms="1" status="PASS">
          <reporter-output>
          </reporter-output>
        </test-method> <!-- test4 -->
        <test-method is-config="true" signature="aftermethod()[pri:0, instance:Kaplan.Demo@f09733f]" started-at="2023-08-13T05:13:21 IST" name="aftermethod" finished-at="2023-08-13T05:13:21 IST" duration-ms="1" status="PASS">
          <reporter-output>
          </reporter-output>
        </test-method> <!-- aftermethod -->
        <test-method is-config="true" signature="afterClass()[pri:0, instance:Kaplan.Demo@f09733f]" started-at="2023-08-13T05:13:21 IST" name="afterClass" finished-at="2023-08-13T05:13:21 IST" duration-ms="0" status="PASS">
          <reporter-output>
          </reporter-output>
        </test-method> <!-- afterClass -->
        <test-method is-config="true" signature="afterSuite()[pri:0, instance:Kaplan.Demo@f09733f]" started-at="2023-08-13T05:13:21 IST" name="afterSuite" finished-at="2023-08-13T05:13:21 IST" duration-ms="0" status="PASS">
          <reporter-output>
          </reporter-output>
        </test-method> <!-- afterSuite -->
      </class> <!-- Kaplan.Demo -->
    </test> <!-- PackageTest -->
  </suite> <!-- Suite -->
</testng-results>
