<?xml version="1.0" encoding="UTF-8"?>
<testng-results ignored="0" total="11" passed="11" failed="0" skipped="0">
  <reporter-output>
  </reporter-output>
  <suite started-at="2022-10-30T01:03:34 IST" name="All Test Suite" finished-at="2022-10-30T01:03:34 IST" duration-ms="62">
    <groups>
    </groups>
    <test started-at="2022-10-30T01:03:34 IST" name="D:/SELENIUM_FRAMEWORK/MavenProjects/SeleniumMaven" finished-at="2022-10-30T01:03:34 IST" duration-ms="62">
      <class name="com.ranjeet.testLib.Home2">
        <test-method signature="test1()[pri:0, instance:com.ranjeet.testLib.Home2@445b295b]" started-at="2022-10-30T01:03:34 IST" name="test1" finished-at="2022-10-30T01:03:34 IST" duration-ms="1" status="PASS">
          <reporter-output>
          </reporter-output>
        </test-method> <!-- test1 -->
        <test-method signature="test2()[pri:0, instance:com.ranjeet.testLib.Home2@445b295b]" started-at="2022-10-30T01:03:34 IST" name="test2" finished-at="2022-10-30T01:03:34 IST" duration-ms="1" status="PASS">
          <reporter-output>
          </reporter-output>
        </test-method> <!-- test2 -->
        <test-method signature="test3()[pri:0, instance:com.ranjeet.testLib.Home2@445b295b]" started-at="2022-10-30T01:03:34 IST" name="test3" finished-at="2022-10-30T01:03:34 IST" duration-ms="1" status="PASS">
          <reporter-output>
          </reporter-output>
        </test-method> <!-- test3 -->
        <test-method signature="test4()[pri:0, instance:com.ranjeet.testLib.Home2@445b295b]" started-at="2022-10-30T01:03:34 IST" name="test4" finished-at="2022-10-30T01:03:34 IST" duration-ms="0" status="PASS">
          <reporter-output>
          </reporter-output>
        </test-method> <!-- test4 -->
        <test-method signature="test5()[pri:0, instance:com.ranjeet.testLib.Home2@445b295b]" started-at="2022-10-30T01:03:34 IST" name="test5" finished-at="2022-10-30T01:03:34 IST" duration-ms="0" status="PASS">
          <reporter-output>
          </reporter-output>
        </test-method> <!-- test5 -->
        <test-method signature="test6()[pri:0, instance:com.ranjeet.testLib.Home2@445b295b]" started-at="2022-10-30T01:03:34 IST" name="test6" finished-at="2022-10-30T01:03:34 IST" duration-ms="0" status="PASS">
          <reporter-output>
          </reporter-output>
        </test-method> <!-- test6 -->
      </class> <!-- com.ranjeet.testLib.Home2 -->
      <class name="com.ranjeet.testLib.Home">
        <test-method signature="test1()[pri:0, instance:com.ranjeet.testLib.Home@5aebe890]" started-at="2022-10-30T01:03:34 IST" name="test1" finished-at="2022-10-30T01:03:34 IST" duration-ms="5" status="PASS">
          <reporter-output>
          </reporter-output>
        </test-method> <!-- test1 -->
        <test-method signature="test2()[pri:0, instance:com.ranjeet.testLib.Home@5aebe890]" started-at="2022-10-30T01:03:34 IST" name="test2" finished-at="2022-10-30T01:03:34 IST" duration-ms="0" status="PASS">
          <reporter-output>
          </reporter-output>
        </test-method> <!-- test2 -->
        <test-method signature="test3()[pri:0, instance:com.ranjeet.testLib.Home@5aebe890]" started-at="2022-10-30T01:03:34 IST" name="test3" finished-at="2022-10-30T01:03:34 IST" duration-ms="1" status="PASS">
          <reporter-output>
          </reporter-output>
        </test-method> <!-- test3 -->
        <test-method signature="test4()[pri:0, instance:com.ranjeet.testLib.Home@5aebe890]" started-at="2022-10-30T01:03:34 IST" name="test4" finished-at="2022-10-30T01:03:34 IST" duration-ms="0" status="PASS">
          <reporter-output>
          </reporter-output>
        </test-method> <!-- test4 -->
        <test-method signature="test5()[pri:0, instance:com.ranjeet.testLib.Home@5aebe890]" started-at="2022-10-30T01:03:34 IST" name="test5" finished-at="2022-10-30T01:03:34 IST" duration-ms="0" status="PASS">
          <reporter-output>
          </reporter-output>
        </test-method> <!-- test5 -->
      </class> <!-- com.ranjeet.testLib.Home -->
    </test> <!-- D:/SELENIUM_FRAMEWORK/MavenProjects/SeleniumMaven -->
  </suite> <!-- All Test Suite -->
</testng-results>
